<?xml version="1.0" encoding="UTF-8"?>
<robot generator="Robot 3.1.2 (Python 3.7.4 on win32)" generated="20200118 10:00:30.367" rpa="false">
<suite id="s1" name="DDT1" source="C:\Users\badar.munir\PycharmProjects\python-selenium-robotframework\testcases\DDT1.robot">
<kw name="Open my browser" library="login_resources" type="setup">
<kw name="Open Browser" library="SeleniumLibrary">
<doc>Opens a new browser instance to the optional ``url``.</doc>
<arguments>
<arg>${url}</arg>
<arg>${browser}</arg>
</arguments>
<msg timestamp="20200118 10:00:30.569" level="INFO">Opening browser 'chrome' to base url 'https://admin-demo.nopcommerce.com'.</msg>
<status status="PASS" starttime="20200118 10:00:30.568" endtime="20200118 10:00:37.631"></status>
</kw>
<kw name="Maximize Browser Window" library="SeleniumLibrary">
<doc>Maximizes current browser window.</doc>
<status status="PASS" starttime="20200118 10:00:37.631" endtime="20200118 10:00:38.757"></status>
</kw>
<status status="PASS" starttime="20200118 10:00:30.568" endtime="20200118 10:00:38.758"></status>
</kw>
<test id="s1-t1" name="Right user empty pass">
<kw name="Invalid login">
<arguments>
<arg>admin@yourstore.com</arg>
<arg>${EMPTY}</arg>
</arguments>
<kw name="Input username" library="login_resources">
<arguments>
<arg>${username}</arg>
</arguments>
<kw name="Input Text" library="SeleniumLibrary">
<doc>Types the given ``text`` into the text field identified by ``locator``.</doc>
<arguments>
<arg>id:Email</arg>
<arg>${username}</arg>
</arguments>
<msg timestamp="20200118 10:00:38.759" level="INFO">Typing text 'admin@yourstore.com' into text field 'id:Email'.</msg>
<status status="PASS" starttime="20200118 10:00:38.759" endtime="20200118 10:00:38.898"></status>
</kw>
<status status="PASS" starttime="20200118 10:00:38.759" endtime="20200118 10:00:38.898"></status>
</kw>
<kw name="Input pwd" library="login_resources">
<arguments>
<arg>${password}</arg>
</arguments>
<kw name="Input Text" library="SeleniumLibrary">
<doc>Types the given ``text`` into the text field identified by ``locator``.</doc>
<arguments>
<arg>id:Password</arg>
<arg>${pwd}</arg>
</arguments>
<msg timestamp="20200118 10:00:38.899" level="INFO">Typing text '' into text field 'id:Password'.</msg>
<status status="PASS" starttime="20200118 10:00:38.899" endtime="20200118 10:00:38.974"></status>
</kw>
<status status="PASS" starttime="20200118 10:00:38.898" endtime="20200118 10:00:38.974"></status>
</kw>
<kw name="Click login button" library="login_resources">
<kw name="Sleep" library="BuiltIn">
<doc>Pauses the test executed for the given time.</doc>
<arguments>
<arg>2</arg>
</arguments>
<msg timestamp="20200118 10:00:40.976" level="INFO">Slept 2 seconds</msg>
<status status="PASS" starttime="20200118 10:00:38.975" endtime="20200118 10:00:40.976"></status>
</kw>
<kw name="Click Element" library="SeleniumLibrary">
<doc>Click the element identified by ``locator``.</doc>
<arguments>
<arg>xpath://input[@class='button-1 login-button']</arg>
</arguments>
<msg timestamp="20200118 10:00:40.977" level="INFO">Clicking element 'xpath://input[@class='button-1 login-button']'.</msg>
<status status="PASS" starttime="20200118 10:00:40.977" endtime="20200118 10:00:41.510"></status>
</kw>
<status status="PASS" starttime="20200118 10:00:38.974" endtime="20200118 10:00:41.511"></status>
</kw>
<kw name="Error message should be visible" library="login_resources">
<kw name="Page Should Contain" library="SeleniumLibrary">
<doc>Verifies that current page contains ``text``.</doc>
<arguments>
<arg>Login was unsuccessful</arg>
</arguments>
<msg timestamp="20200118 10:00:41.530" level="INFO">Current page contains text 'Login was unsuccessful'.</msg>
<status status="PASS" starttime="20200118 10:00:41.511" endtime="20200118 10:00:41.530"></status>
</kw>
<status status="PASS" starttime="20200118 10:00:41.511" endtime="20200118 10:00:41.530"></status>
</kw>
<status status="PASS" starttime="20200118 10:00:38.758" endtime="20200118 10:00:41.531"></status>
</kw>
<status status="PASS" starttime="20200118 10:00:38.758" endtime="20200118 10:00:41.531" critical="yes"></status>
</test>
<test id="s1-t2" name="Right user wrong pass">
<kw name="Invalid login">
<arguments>
<arg>admin@yourstore.com</arg>
<arg>xyz</arg>
</arguments>
<kw name="Input username" library="login_resources">
<arguments>
<arg>${username}</arg>
</arguments>
<kw name="Input Text" library="SeleniumLibrary">
<doc>Types the given ``text`` into the text field identified by ``locator``.</doc>
<arguments>
<arg>id:Email</arg>
<arg>${username}</arg>
</arguments>
<msg timestamp="20200118 10:00:41.533" level="INFO">Typing text 'admin@yourstore.com' into text field 'id:Email'.</msg>
<status status="PASS" starttime="20200118 10:00:41.533" endtime="20200118 10:00:41.644"></status>
</kw>
<status status="PASS" starttime="20200118 10:00:41.533" endtime="20200118 10:00:41.645"></status>
</kw>
<kw name="Input pwd" library="login_resources">
<arguments>
<arg>${password}</arg>
</arguments>
<kw name="Input Text" library="SeleniumLibrary">
<doc>Types the given ``text`` into the text field identified by ``locator``.</doc>
<arguments>
<arg>id:Password</arg>
<arg>${pwd}</arg>
</arguments>
<msg timestamp="20200118 10:00:41.645" level="INFO">Typing text 'xyz' into text field 'id:Password'.</msg>
<status status="PASS" starttime="20200118 10:00:41.645" endtime="20200118 10:00:41.727"></status>
</kw>
<status status="PASS" starttime="20200118 10:00:41.645" endtime="20200118 10:00:41.727"></status>
</kw>
<kw name="Click login button" library="login_resources">
<kw name="Sleep" library="BuiltIn">
<doc>Pauses the test executed for the given time.</doc>
<arguments>
<arg>2</arg>
</arguments>
<msg timestamp="20200118 10:00:43.729" level="INFO">Slept 2 seconds</msg>
<status status="PASS" starttime="20200118 10:00:41.727" endtime="20200118 10:00:43.729"></status>
</kw>
<kw name="Click Element" library="SeleniumLibrary">
<doc>Click the element identified by ``locator``.</doc>
<arguments>
<arg>xpath://input[@class='button-1 login-button']</arg>
</arguments>
<msg timestamp="20200118 10:00:43.730" level="INFO">Clicking element 'xpath://input[@class='button-1 login-button']'.</msg>
<status status="PASS" starttime="20200118 10:00:43.729" endtime="20200118 10:00:45.322"></status>
</kw>
<status status="PASS" starttime="20200118 10:00:41.727" endtime="20200118 10:00:45.322"></status>
</kw>
<kw name="Error message should be visible" library="login_resources">
<kw name="Page Should Contain" library="SeleniumLibrary">
<doc>Verifies that current page contains ``text``.</doc>
<arguments>
<arg>Login was unsuccessful</arg>
</arguments>
<msg timestamp="20200118 10:00:45.339" level="INFO">Current page contains text 'Login was unsuccessful'.</msg>
<status status="PASS" starttime="20200118 10:00:45.323" endtime="20200118 10:00:45.339"></status>
</kw>
<status status="PASS" starttime="20200118 10:00:45.323" endtime="20200118 10:00:45.339"></status>
</kw>
<status status="PASS" starttime="20200118 10:00:41.532" endtime="20200118 10:00:45.339"></status>
</kw>
<status status="PASS" starttime="20200118 10:00:41.532" endtime="20200118 10:00:45.340" critical="yes"></status>
</test>
<test id="s1-t3" name="Wrong user right pass">
<kw name="Invalid login">
<arguments>
<arg>adm@yourstore.com</arg>
<arg>admin</arg>
</arguments>
<kw name="Input username" library="login_resources">
<arguments>
<arg>${username}</arg>
</arguments>
<kw name="Input Text" library="SeleniumLibrary">
<doc>Types the given ``text`` into the text field identified by ``locator``.</doc>
<arguments>
<arg>id:Email</arg>
<arg>${username}</arg>
</arguments>
<msg timestamp="20200118 10:00:45.342" level="INFO">Typing text 'adm@yourstore.com' into text field 'id:Email'.</msg>
<status status="PASS" starttime="20200118 10:00:45.342" endtime="20200118 10:00:45.466"></status>
</kw>
<status status="PASS" starttime="20200118 10:00:45.341" endtime="20200118 10:00:45.466"></status>
</kw>
<kw name="Input pwd" library="login_resources">
<arguments>
<arg>${password}</arg>
</arguments>
<kw name="Input Text" library="SeleniumLibrary">
<doc>Types the given ``text`` into the text field identified by ``locator``.</doc>
<arguments>
<arg>id:Password</arg>
<arg>${pwd}</arg>
</arguments>
<msg timestamp="20200118 10:00:45.467" level="INFO">Typing text 'admin' into text field 'id:Password'.</msg>
<status status="PASS" starttime="20200118 10:00:45.467" endtime="20200118 10:00:45.555"></status>
</kw>
<status status="PASS" starttime="20200118 10:00:45.466" endtime="20200118 10:00:45.555"></status>
</kw>
<kw name="Click login button" library="login_resources">
<kw name="Sleep" library="BuiltIn">
<doc>Pauses the test executed for the given time.</doc>
<arguments>
<arg>2</arg>
</arguments>
<msg timestamp="20200118 10:00:47.557" level="INFO">Slept 2 seconds</msg>
<status status="PASS" starttime="20200118 10:00:45.555" endtime="20200118 10:00:47.557"></status>
</kw>
<kw name="Click Element" library="SeleniumLibrary">
<doc>Click the element identified by ``locator``.</doc>
<arguments>
<arg>xpath://input[@class='button-1 login-button']</arg>
</arguments>
<msg timestamp="20200118 10:00:47.559" level="INFO">Clicking element 'xpath://input[@class='button-1 login-button']'.</msg>
<status status="PASS" starttime="20200118 10:00:47.558" endtime="20200118 10:00:49.153"></status>
</kw>
<status status="PASS" starttime="20200118 10:00:45.555" endtime="20200118 10:00:49.153"></status>
</kw>
<kw name="Error message should be visible" library="login_resources">
<kw name="Page Should Contain" library="SeleniumLibrary">
<doc>Verifies that current page contains ``text``.</doc>
<arguments>
<arg>Login was unsuccessful</arg>
</arguments>
<msg timestamp="20200118 10:00:49.169" level="INFO">Current page contains text 'Login was unsuccessful'.</msg>
<status status="PASS" starttime="20200118 10:00:49.154" endtime="20200118 10:00:49.169"></status>
</kw>
<status status="PASS" starttime="20200118 10:00:49.153" endtime="20200118 10:00:49.169"></status>
</kw>
<status status="PASS" starttime="20200118 10:00:45.341" endtime="20200118 10:00:49.169"></status>
</kw>
<status status="PASS" starttime="20200118 10:00:45.341" endtime="20200118 10:00:49.170" critical="yes"></status>
</test>
<test id="s1-t4" name="Wrong user empty pass">
<kw name="Invalid login">
<arguments>
<arg>adm@yourstore.com</arg>
<arg>${EMPTY}</arg>
</arguments>
<kw name="Input username" library="login_resources">
<arguments>
<arg>${username}</arg>
</arguments>
<kw name="Input Text" library="SeleniumLibrary">
<doc>Types the given ``text`` into the text field identified by ``locator``.</doc>
<arguments>
<arg>id:Email</arg>
<arg>${username}</arg>
</arguments>
<msg timestamp="20200118 10:00:49.173" level="INFO">Typing text 'adm@yourstore.com' into text field 'id:Email'.</msg>
<status status="PASS" starttime="20200118 10:00:49.173" endtime="20200118 10:00:49.284"></status>
</kw>
<status status="PASS" starttime="20200118 10:00:49.172" endtime="20200118 10:00:49.284"></status>
</kw>
<kw name="Input pwd" library="login_resources">
<arguments>
<arg>${password}</arg>
</arguments>
<kw name="Input Text" library="SeleniumLibrary">
<doc>Types the given ``text`` into the text field identified by ``locator``.</doc>
<arguments>
<arg>id:Password</arg>
<arg>${pwd}</arg>
</arguments>
<msg timestamp="20200118 10:00:49.285" level="INFO">Typing text '' into text field 'id:Password'.</msg>
<status status="PASS" starttime="20200118 10:00:49.285" endtime="20200118 10:00:49.354"></status>
</kw>
<status status="PASS" starttime="20200118 10:00:49.284" endtime="20200118 10:00:49.354"></status>
</kw>
<kw name="Click login button" library="login_resources">
<kw name="Sleep" library="BuiltIn">
<doc>Pauses the test executed for the given time.</doc>
<arguments>
<arg>2</arg>
</arguments>
<msg timestamp="20200118 10:00:51.356" level="INFO">Slept 2 seconds</msg>
<status status="PASS" starttime="20200118 10:00:49.354" endtime="20200118 10:00:51.356"></status>
</kw>
<kw name="Click Element" library="SeleniumLibrary">
<doc>Click the element identified by ``locator``.</doc>
<arguments>
<arg>xpath://input[@class='button-1 login-button']</arg>
</arguments>
<msg timestamp="20200118 10:00:51.358" level="INFO">Clicking element 'xpath://input[@class='button-1 login-button']'.</msg>
<status status="PASS" starttime="20200118 10:00:51.357" endtime="20200118 10:00:51.872"></status>
</kw>
<status status="PASS" starttime="20200118 10:00:49.354" endtime="20200118 10:00:51.872"></status>
</kw>
<kw name="Error message should be visible" library="login_resources">
<kw name="Page Should Contain" library="SeleniumLibrary">
<doc>Verifies that current page contains ``text``.</doc>
<arguments>
<arg>Login was unsuccessful</arg>
</arguments>
<msg timestamp="20200118 10:00:51.892" level="INFO">Current page contains text 'Login was unsuccessful'.</msg>
<status status="PASS" starttime="20200118 10:00:51.873" endtime="20200118 10:00:51.892"></status>
</kw>
<status status="PASS" starttime="20200118 10:00:51.872" endtime="20200118 10:00:51.892"></status>
</kw>
<status status="PASS" starttime="20200118 10:00:49.172" endtime="20200118 10:00:51.892"></status>
</kw>
<status status="PASS" starttime="20200118 10:00:49.171" endtime="20200118 10:00:51.893" critical="yes"></status>
</test>
<test id="s1-t5" name="Wrong user wrong pass">
<kw name="Invalid login">
<arguments>
<arg>adm@yourstore.com</arg>
<arg>xyz</arg>
</arguments>
<kw name="Input username" library="login_resources">
<arguments>
<arg>${username}</arg>
</arguments>
<kw name="Input Text" library="SeleniumLibrary">
<doc>Types the given ``text`` into the text field identified by ``locator``.</doc>
<arguments>
<arg>id:Email</arg>
<arg>${username}</arg>
</arguments>
<msg timestamp="20200118 10:00:51.895" level="INFO">Typing text 'adm@yourstore.com' into text field 'id:Email'.</msg>
<status status="PASS" starttime="20200118 10:00:51.895" endtime="20200118 10:00:52.000"></status>
</kw>
<status status="PASS" starttime="20200118 10:00:51.894" endtime="20200118 10:00:52.001"></status>
</kw>
<kw name="Input pwd" library="login_resources">
<arguments>
<arg>${password}</arg>
</arguments>
<kw name="Input Text" library="SeleniumLibrary">
<doc>Types the given ``text`` into the text field identified by ``locator``.</doc>
<arguments>
<arg>id:Password</arg>
<arg>${pwd}</arg>
</arguments>
<msg timestamp="20200118 10:00:52.002" level="INFO">Typing text 'xyz' into text field 'id:Password'.</msg>
<status status="PASS" starttime="20200118 10:00:52.001" endtime="20200118 10:00:52.075"></status>
</kw>
<status status="PASS" starttime="20200118 10:00:52.001" endtime="20200118 10:00:52.075"></status>
</kw>
<kw name="Click login button" library="login_resources">
<kw name="Sleep" library="BuiltIn">
<doc>Pauses the test executed for the given time.</doc>
<arguments>
<arg>2</arg>
</arguments>
<msg timestamp="20200118 10:00:54.077" level="INFO">Slept 2 seconds</msg>
<status status="PASS" starttime="20200118 10:00:52.076" endtime="20200118 10:00:54.077"></status>
</kw>
<kw name="Click Element" library="SeleniumLibrary">
<doc>Click the element identified by ``locator``.</doc>
<arguments>
<arg>xpath://input[@class='button-1 login-button']</arg>
</arguments>
<msg timestamp="20200118 10:00:54.079" level="INFO">Clicking element 'xpath://input[@class='button-1 login-button']'.</msg>
<status status="PASS" starttime="20200118 10:00:54.078" endtime="20200118 10:00:54.771"></status>
</kw>
<status status="PASS" starttime="20200118 10:00:52.075" endtime="20200118 10:00:54.771"></status>
</kw>
<kw name="Error message should be visible" library="login_resources">
<kw name="Page Should Contain" library="SeleniumLibrary">
<doc>Verifies that current page contains ``text``.</doc>
<arguments>
<arg>Login was unsuccessful</arg>
</arguments>
<msg timestamp="20200118 10:00:54.788" level="INFO">Current page contains text 'Login was unsuccessful'.</msg>
<status status="PASS" starttime="20200118 10:00:54.771" endtime="20200118 10:00:54.788"></status>
</kw>
<status status="PASS" starttime="20200118 10:00:54.771" endtime="20200118 10:00:54.789"></status>
</kw>
<status status="PASS" starttime="20200118 10:00:51.894" endtime="20200118 10:00:54.789"></status>
</kw>
<status status="PASS" starttime="20200118 10:00:51.894" endtime="20200118 10:00:54.789" critical="yes"></status>
</test>
<kw name="Close Browsers" library="login_resources" type="teardown">
<kw name="Close All Browsers" library="SeleniumLibrary">
<doc>Closes all open browsers and resets the browser cache.</doc>
<status status="PASS" starttime="20200118 10:00:54.791" endtime="20200118 10:00:56.906"></status>
</kw>
<status status="PASS" starttime="20200118 10:00:54.791" endtime="20200118 10:00:56.907"></status>
</kw>
<status status="PASS" starttime="20200118 10:00:30.369" endtime="20200118 10:00:56.907"></status>
</suite>
<statistics>
<total>
<stat pass="5" fail="0">Critical Tests</stat>
<stat pass="5" fail="0">All Tests</stat>
</total>
<tag>
</tag>
<suite>
<stat pass="5" fail="0" id="s1" name="DDT1">DDT1</stat>
</suite>
</statistics>
<errors>
</errors>
</robot>
